<?xml version="1.0" encoding="UTF-8"?>
<!-- Generated by org.testng.reporters.JUnitReportReporter -->
<testsuite hostname="GRACEJOSELIN" failures="0" tests="1" name="pageObjects.HomePage" time="25.453" errors="0" timestamp="2023-04-26T18:23:01 IST" skipped="0">
  <testcase classname="pageObjects.HomePage" name="runTests" time="25.453"/>
  <system-out/>
</testsuite> <!-- pageObjects.HomePage -->
