<?xml version="1.0" encoding="UTF-8"?>
<!-- Generated by org.testng.reporters.JUnitReportReporter -->
<testsuite hostname="GRACEJOSELIN" failures="0" tests="1" name="apiTesting.HTTPRequests" time="0.834" errors="0" timestamp="2023-04-25T16:51:59 IST" skipped="0">
  <testcase classname="apiTesting.HTTPRequests" name="getUsers" time="0.834"/>
  <system-out/>
</testsuite> <!-- apiTesting.HTTPRequests -->
