<?xml version="1.0" encoding="UTF-8"?>
<!-- Generated by org.testng.reporters.JUnitReportReporter -->
<testsuite hostname="GRACEJOSELIN" failures="0" tests="2" name="apiTesting.HTTPRequests" time="2.102" errors="0" timestamp="2023-04-26T17:23:09 IST" skipped="0">
  <testcase classname="apiTesting.HTTPRequests" name="createUser" time="1.751"/>
  <system-out/>
  <testcase classname="apiTesting.HTTPRequests" name="getUsers" time="0.351"/>
  <system-out/>
</testsuite> <!-- apiTesting.HTTPRequests -->
