<?xml version="1.0" encoding="UTF-8"?>
<!-- Generated by org.testng.reporters.JUnitReportReporter -->
<testsuite hostname="GRACEJOSELIN" failures="0" tests="1" name="pageObjects.SupportPage" time="28.066" errors="0" timestamp="2023-04-27T13:43:52 IST" skipped="0">
  <testcase classname="pageObjects.SupportPage" name="verifySupport" time="28.066"/>
  <system-out/>
</testsuite> <!-- pageObjects.SupportPage -->
