<?xml version="1.0" encoding="UTF-8"?>
<!-- Generated by org.testng.reporters.JUnitReportReporter -->
<testsuite hostname="GRACEJOSELIN" failures="0" tests="1" name="stepDefinitions.DataTransformation" time="1.515" errors="0" timestamp="2023-04-29T15:45:59 IST" skipped="0">
  <testcase classname="stepDefinitions.DataTransformation" name="test_execution" time="1.515"/>
  <system-out/>
</testsuite> <!-- stepDefinitions.DataTransformation -->
