<?xml version="1.0" encoding="UTF-8"?>
<!-- Generated by org.testng.reporters.JUnitReportReporter -->
<testsuite hostname="GRACEJOSELIN" failures="0" tests="2" name="apiTesting.HTTPRequests" time="8.458" errors="0" timestamp="2023-04-13T08:17:18 IST" skipped="0">
  <testcase classname="apiTesting.HTTPRequests" name="getUsers" time="6.979"/>
  <system-out/>
  <testcase classname="apiTesting.HTTPRequests" name="createUser" time="1.479"/>
  <system-out/>
</testsuite> <!-- apiTesting.HTTPRequests -->
