<?xml version="1.0" encoding="UTF-8"?>
<!-- Generated by org.testng.reporters.JUnitReportReporter -->
<testsuite hostname="GRACEJOSELIN" failures="0" tests="2" name="apiTesting.HTTPRequests" time="9.057" errors="0" timestamp="2023-04-13T11:07:14 IST" skipped="0">
  <testcase classname="apiTesting.HTTPRequests" name="getUsers" time="6.920"/>
  <system-out/>
  <testcase classname="apiTesting.HTTPRequests" name="createUser" time="2.137"/>
  <system-out/>
</testsuite> <!-- apiTesting.HTTPRequests -->
